<?xml version="1.0" encoding="UTF-8"?>
<coverage generated="1587070746440" clover="3.2.0">
  <project timestamp="1587070746441" name="All files">
    <metrics statements="25" coveredstatements="19" conditionals="6" coveredconditionals="1" methods="5" coveredmethods="3" elements="36" coveredelements="23" complexity="0" loc="25" ncloc="25" packages="1" files="1" classes="1"/>
    <file name="rpg.js" path="C:\Users\watki\Desktop\rpg\src\rpg.js">
      <metrics statements="25" coveredstatements="19" conditionals="6" coveredconditionals="1" methods="5" coveredmethods="3"/>
      <line num="3" count="8" type="stmt"/>
      <line num="4" count="8" type="stmt"/>
      <line num="5" count="8" type="stmt"/>
      <line num="6" count="8" type="stmt"/>
      <line num="7" count="8" type="stmt"/>
      <line num="8" count="8" type="stmt"/>
      <line num="9" count="8" type="stmt"/>
      <line num="10" count="8" type="stmt"/>
      <line num="22" count="3" type="stmt"/>
      <line num="23" count="3" type="stmt"/>
      <line num="28" count="0" type="stmt"/>
      <line num="32" count="2" type="stmt"/>
      <line num="33" count="2" type="stmt"/>
      <line num="34" count="2" type="cond" truecount="1" falsecount="1"/>
      <line num="35" count="0" type="stmt"/>
      <line num="37" count="2" type="stmt"/>
      <line num="43" count="0" type="cond" truecount="0" falsecount="2"/>
      <line num="44" count="0" type="stmt"/>
      <line num="45" count="0" type="cond" truecount="0" falsecount="2"/>
      <line num="46" count="0" type="stmt"/>
      <line num="51" count="1" type="stmt"/>
      <line num="52" count="1" type="stmt"/>
      <line num="53" count="1" type="stmt"/>
      <line num="54" count="1" type="stmt"/>
      <line num="55" count="1" type="stmt"/>
    </file>
  </project>
</coverage>
