<?xml version="1.0" encoding="UTF-8"?>
<coverage generated="1587068604684" clover="3.2.0">
  <project timestamp="1587068604684" name="All files">
    <metrics statements="27" coveredstatements="19" conditionals="6" coveredconditionals="0" methods="5" coveredmethods="2" elements="38" coveredelements="21" complexity="0" loc="27" ncloc="27" packages="1" files="1" classes="1"/>
    <file name="rpg.js" path="C:\Users\watki\Desktop\rpg\src\rpg.js">
      <metrics statements="27" coveredstatements="19" conditionals="6" coveredconditionals="0" methods="5" coveredmethods="2"/>
      <line num="3" count="12" type="stmt"/>
      <line num="4" count="12" type="stmt"/>
      <line num="5" count="12" type="stmt"/>
      <line num="6" count="12" type="stmt"/>
      <line num="7" count="12" type="stmt"/>
      <line num="8" count="12" type="stmt"/>
      <line num="9" count="12" type="stmt"/>
      <line num="10" count="12" type="stmt"/>
      <line num="22" count="3" type="stmt"/>
      <line num="23" count="3" type="stmt"/>
      <line num="27" count="3" type="stmt"/>
      <line num="28" count="0" type="stmt"/>
      <line num="31" count="3" type="stmt"/>
      <line num="32" count="0" type="cond" truecount="0" falsecount="2"/>
      <line num="33" count="0" type="stmt"/>
      <line num="35" count="0" type="stmt"/>
      <line num="40" count="3" type="stmt"/>
      <line num="41" count="0" type="cond" truecount="0" falsecount="2"/>
      <line num="42" count="0" type="stmt"/>
      <line num="43" count="0" type="cond" truecount="0" falsecount="2"/>
      <line num="44" count="0" type="stmt"/>
      <line num="49" count="1" type="stmt"/>
      <line num="50" count="1" type="stmt"/>
      <line num="51" count="1" type="stmt"/>
      <line num="53" count="1" type="stmt"/>
      <line num="54" count="1" type="stmt"/>
      <line num="55" count="1" type="stmt"/>
    </file>
  </project>
</coverage>
