TN:
SF:C:\Users\watki\Desktop\rpg\src\rpg.js
FN:2,(anonymous_0)
FN:21,(anonymous_1)
FN:27,(anonymous_2)
FN:31,(anonymous_3)
FN:40,(anonymous_4)
FNF:5
FNH:2
FNDA:12,(anonymous_0)
FNDA:3,(anonymous_1)
FNDA:0,(anonymous_2)
FNDA:0,(anonymous_3)
FNDA:0,(anonymous_4)
DA:3,12
DA:4,12
DA:5,12
DA:6,12
DA:7,12
DA:8,12
DA:9,12
DA:10,12
DA:22,3
DA:23,3
DA:27,3
DA:28,0
DA:31,3
DA:32,0
DA:33,0
DA:35,0
DA:40,3
DA:41,0
DA:42,0
DA:43,0
DA:44,0
DA:49,1
DA:50,1
DA:51,1
DA:53,1
DA:54,1
DA:55,1
LF:27
LH:19
BRDA:32,0,0,0
BRDA:32,0,1,0
BRDA:41,1,0,0
BRDA:41,1,1,0
BRDA:43,2,0,0
BRDA:43,2,1,0
BRF:6
BRH:0
end_of_record
